<?xml version="1.0" encoding="UTF-8"?>
<!-- Generated by org.testng.reporters.JUnitXMLReporter -->
<testsuite hostname="Aaron-Laptop" name="Default test" tests="8" failures="0" timestamp="5 Jan 2016 15:16:07 GMT" time="0.113" errors="0">
  <testcase name="testAdd" time="0.033" classname="test.testCalculator"/>
  <testcase name="testClear" time="0.004" classname="test.testCalculator"/>
  <testcase name="testDiv" time="0.006" classname="test.testCalculator"/>
  <testcase name="testHist" time="0.004" classname="test.testCalculator"/>
  <testcase name="testMult" time="0.006" classname="test.testCalculator"/>
  <testcase name="testReuse" time="0.006" classname="test.testCalculator"/>
  <testcase name="testSub" time="0.006" classname="test.testCalculator"/>
  <testcase name="testWumbo" time="0.001" classname="test.testCalculator"/>
</testsuite> <!-- Default test -->
