<?xml version="1.0" encoding="UTF-8"?>
<!-- Generated by org.testng.reporters.JUnitXMLReporter -->
<testsuite hostname="Aaron-Laptop" name="Default test" tests="10" failures="0" timestamp="7 Jan 2016 01:05:31 GMT" time="0.089" errors="0">
  <testcase name="testAdd" time="0.018" classname="test.testCalculator"/>
  <testcase name="testClear" time="0.003" classname="test.testCalculator"/>
  <testcase name="testDiv" time="0.004" classname="test.testCalculator"/>
  <testcase name="testGetUserInput" time="0.019" classname="test.testCalculator"/>
  <testcase name="testHist" time="0.002" classname="test.testCalculator"/>
  <testcase name="testMult" time="0.004" classname="test.testCalculator"/>
  <testcase name="testReuse" time="0.002" classname="test.testCalculator"/>
  <testcase name="testSub" time="0.005" classname="test.testCalculator"/>
  <testcase name="testWumbo" time="0.001" classname="test.testCalculator"/>
  <testcase name="testZeroDivide" time="0.001" classname="test.testCalculator"/>
</testsuite> <!-- Default test -->
