<?xml version="1.0" encoding="UTF-8"?>
<!-- Generated by org.testng.reporters.JUnitXMLReporter -->
<testsuite hostname="DESKTOP-KVG2VO9" name="Default test" tests="8" failures="0" timestamp="5 Jan 2016 00:06:38 GMT" time="0.152" errors="0">
  <testcase name="testAdd" time="0.026" classname="test.testCalculator"/>
  <testcase name="testClear" time="0.011" classname="test.testCalculator"/>
  <testcase name="testDiv" time="0.022" classname="test.testCalculator"/>
  <testcase name="testHist" time="0.003" classname="test.testCalculator"/>
  <testcase name="testMult" time="0.018" classname="test.testCalculator"/>
  <testcase name="testReuse" time="0.005" classname="test.testCalculator"/>
  <testcase name="testSub" time="0.012" classname="test.testCalculator"/>
  <testcase name="testWumbo" time="0.001" classname="test.testCalculator"/>
</testsuite> <!-- Default test -->
